[0.011s] Invoking command in '/home/robousr/ROS2Dev/robot_2025_ws/src/build/examen_scorbot_description': /usr/bin/cmake --build /home/robousr/ROS2Dev/robot_2025_ws/src/build/examen_scorbot_description -- -j2 -l2
[0.040s] -- Found ament_cmake: 1.3.10 (/opt/ros/humble/share/ament_cmake/cmake)
[0.572s] Error parsing '/home/robousr/ROS2Dev/robot_2025_ws/src/examen_scorbot_description/package.xml':
[0.648s] Traceback (most recent call last):
[0.649s]   File "/opt/ros/humble/share/ament_cmake_core/cmake/core/package_xml_2_cmake.py", line 150, in <module>
[0.650s]     main()
[0.650s]   File "/opt/ros/humble/share/ament_cmake_core/cmake/core/package_xml_2_cmake.py", line 53, in main
[0.650s]     raise e
[0.650s]   File "/opt/ros/humble/share/ament_cmake_core/cmake/core/package_xml_2_cmake.py", line 49, in main
[0.650s]     package = parse_package_string(
[0.650s]   File "/usr/lib/python3/dist-packages/catkin_pkg/package.py", line 719, in parse_package_string
[0.650s]     export_node = _get_optional_node(root, 'export', filename)
[0.650s]   File "/usr/lib/python3/dist-packages/catkin_pkg/package.py", line 807, in _get_optional_node
[0.650s]     raise InvalidPackage('The manifest must not contain more than one "%s" tags' % tagname, filename)
[0.650s] catkin_pkg.package.InvalidPackage: Error(s) in package '/home/robousr/ROS2Dev/robot_2025_ws/src/examen_scorbot_description/package.xml':
[0.650s] The manifest must not contain more than one "export" tags
[0.676s] [31mCMake Error at /opt/ros/humble/share/ament_cmake_core/cmake/core/ament_package_xml.cmake:95 (message):
[0.676s]   execute_process(/home/robousr/.pyenv/shims/python3
[0.676s]   /opt/ros/humble/share/ament_cmake_core/cmake/core/package_xml_2_cmake.py
[0.676s]   /home/robousr/ROS2Dev/robot_2025_ws/src/examen_scorbot_description/package.xml
[0.676s]   /home/robousr/ROS2Dev/robot_2025_ws/src/build/examen_scorbot_description/ament_cmake_core/package.cmake)
[0.676s]   returned error code 1
[0.676s] Call Stack (most recent call first):
[0.676s]   /opt/ros/humble/share/ament_cmake_core/cmake/core/ament_package_xml.cmake:49 (_ament_package_xml)
[0.676s]   /opt/ros/humble/share/ament_cmake_core/cmake/core/ament_package.cmake:63 (ament_package_xml)
[0.677s]   CMakeLists.txt:19 (ament_package)
[0.677s] 
[0.677s] [0m
[0.679s] -- Configuring incomplete, errors occurred!
[0.679s] See also "/home/robousr/ROS2Dev/robot_2025_ws/src/build/examen_scorbot_description/CMakeFiles/CMakeOutput.log".
[0.681s] gmake: *** [Makefile:226: cmake_check_build_system] Error 1
[0.685s] Invoked command in '/home/robousr/ROS2Dev/robot_2025_ws/src/build/examen_scorbot_description' returned '2': /usr/bin/cmake --build /home/robousr/ROS2Dev/robot_2025_ws/src/build/examen_scorbot_description -- -j2 -l2
